
Showing logs for build [32mcb-kubecd-environment-pr-228-2-ctsxw-1[0m stage [32mfrom-build-pack[0m and container [32mstep-credential-initializer-phrv2[0m
{"level":"info","ts":1590032131.8285437,"logger":"fallback-logger","caller":"logging/config.go:69","msg":"Fetch GitHub commit ID from kodata failed: open /var/run/ko/refs/heads/0.8.0-ns-support: no such file or directory"}
{"level":"info","ts":1590032131.829087,"logger":"fallback-logger","caller":"creds-init/main.go:40","msg":"Credentials initialized."}

Showing logs for build [32mcb-kubecd-environment-pr-228-2-ctsxw-1[0m stage [32mfrom-build-pack[0m and container [32mstep-working-dir-initializer-zmx9m[0m
{"level":"info","ts":1590032132.725726,"logger":"fallback-logger","caller":"logging/config.go:69","msg":"Fetch GitHub commit ID from kodata failed: open /var/run/ko/HEAD: no such file or directory"}
{"level":"info","ts":1590032132.7302418,"logger":"fallback-logger","caller":"bash/main.go:64","msg":"Successfully executed command \"sh -c mkdir -p /workspace/source\"; output "}

Showing logs for build [32mcb-kubecd-environment-pr-228-2-ctsxw-1[0m stage [32mfrom-build-pack[0m and container [32mstep-place-tools[0m

Showing logs for build [32mcb-kubecd-environment-pr-228-2-ctsxw-1[0m stage [32mfrom-build-pack[0m and container [32mstep-git-source-cb-kubecd-environment-pr-228-2-ctsxw-b9f95[0m
{"level":"info","ts":1590032137.9365306,"logger":"fallback-logger","caller":"logging/config.go:69","msg":"Fetch GitHub commit ID from kodata failed: open /var/run/ko/refs/heads/0.8.0-ns-support: no such file or directory"}
{"level":"info","ts":1590032138.994847,"logger":"fallback-logger","caller":"git/git.go:103","msg":"Successfully cloned https://github.com/cb-kubecd/environment-pr-228-2-boot-vault-gke-staging.git @ master in path /workspace/source"}

Showing logs for build [32mcb-kubecd-environment-pr-228-2-ctsxw-1[0m stage [32mfrom-build-pack[0m and container [32mstep-git-merge[0m
Using SHAs from PULL_REFS=master:cb5bcf9fd86abd47560b97721de0eacf70f41b8f,3:f83d757ca56537b0c52fea75d320c93f51c96b74
DEBUG: LC_ALL=C JX_LOG_LEVEL=error git fetch origin --unshallow f83d757ca56537b0c52fea75d320c93f51c96b74: cb5bcf9fd86abd47560b97721de0eacf70f41b8f:
DEBUG: ran git fetch --unshallow origin f83d757ca56537b0c52fea75d320c93f51c96b74: cb5bcf9fd86abd47560b97721de0eacf70f41b8f: in 
DEBUG: JX_LOG_LEVEL=error LC_ALL=C git branch
DEBUG: LC_ALL=C JX_LOG_LEVEL=error git checkout master
DEBUG: ran git checkout master in 
DEBUG: JX_LOG_LEVEL=error LC_ALL=C git reset --hard cb5bcf9fd86abd47560b97721de0eacf70f41b8f
DEBUG: ran git reset --hard cb5bcf9fd86abd47560b97721de0eacf70f41b8f in 
DEBUG: JX_LOG_LEVEL=error LC_ALL=C git clean -fd .
DEBUG: ran clean --force -d . in 
DEBUG: LC_ALL=C JX_LOG_LEVEL=error git merge f83d757ca56537b0c52fea75d320c93f51c96b74
DEBUG: ran git merge f83d757ca56537b0c52fea75d320c93f51c96b74 in 
DEBUG: LC_ALL=C JX_LOG_LEVEL=error git log --format=%H%x1f%an%x1f%ae%x1f%cn%x1f%ce%x1f%s%n%b%x1e cb5bcf9fd86abd47560b97721de0eacf70f41b8f..HEAD
Merged SHA f83d757ca56537b0c52fea75d320c93f51c96b74 with commit message 'chore: Promote bdd-sbhg-1590030410 to version 0.0.1' into base branch master

Showing logs for build [32mcb-kubecd-environment-pr-228-2-ctsxw-1[0m stage [32mfrom-build-pack[0m and container [32mstep-build-helm-build[0m
WARNING: No $CHART_REPOSITORY defined so using the default value of: http://jenkins-x-chartmuseum:8080
Adding missing Helm repo: storage.googleapis.com https://storage.googleapis.com/chartmuseum.jenkins-x.io
WARNING: No secrets found on "helm/repos" due: reading the secret "helm/repos" from vault: no secret "helm/repos" not found in vault
Read credentials for https://storage.googleapis.com/chartmuseum.jenkins-x.io from vault helm/repos
Successfully added Helm repository storage.googleapis.com.
Adding missing Helm repo: jenkins-x-chartmuseum http://jenkins-x-chartmuseum:8080
WARNING: No secrets found on "helm/repos" due: reading the secret "helm/repos" from vault: no secret "helm/repos" not found in vault
Read credentials for http://jenkins-x-chartmuseum:8080 from vault helm/repos
Successfully added Helm repository jenkins-x-chartmuseum.
WARNING: No $CHART_REPOSITORY defined so using the default value of: http://jenkins-x-chartmuseum:8080
Adding missing Helm repo: chartmuseum.jenkins-x.io http://chartmuseum.jenkins-x.io
WARNING: No secrets found on "helm/repos" due: reading the secret "helm/repos" from vault: no secret "helm/repos" not found in vault
Read credentials for http://chartmuseum.jenkins-x.io from vault helm/repos
Successfully added Helm repository chartmuseum.jenkins-x.io.
