
Showing logs for build [32mcb-kubecd-environment-pr-228-2-97rtq-1[0m stage [32mfrom-build-pack[0m and container [32mstep-credential-initializer-w2d2q[0m
{"level":"info","ts":1590033136.267534,"logger":"fallback-logger","caller":"logging/config.go:69","msg":"Fetch GitHub commit ID from kodata failed: open /var/run/ko/refs/heads/0.8.0-ns-support: no such file or directory"}
{"level":"info","ts":1590033136.2685301,"logger":"fallback-logger","caller":"creds-init/main.go:40","msg":"Credentials initialized."}

Showing logs for build [32mcb-kubecd-environment-pr-228-2-97rtq-1[0m stage [32mfrom-build-pack[0m and container [32mstep-working-dir-initializer-h56jx[0m
{"level":"info","ts":1590033137.2477603,"logger":"fallback-logger","caller":"logging/config.go:69","msg":"Fetch GitHub commit ID from kodata failed: open /var/run/ko/HEAD: no such file or directory"}
{"level":"info","ts":1590033137.2558744,"logger":"fallback-logger","caller":"bash/main.go:64","msg":"Successfully executed command \"sh -c mkdir -p /workspace/source\"; output "}

Showing logs for build [32mcb-kubecd-environment-pr-228-2-97rtq-1[0m stage [32mfrom-build-pack[0m and container [32mstep-place-tools[0m

Showing logs for build [32mcb-kubecd-environment-pr-228-2-97rtq-1[0m stage [32mfrom-build-pack[0m and container [32mstep-git-source-cb-kubecd-environment-pr-228-2-97rtq-8k6wq[0m
{"level":"info","ts":1590033140.375492,"logger":"fallback-logger","caller":"logging/config.go:69","msg":"Fetch GitHub commit ID from kodata failed: open /var/run/ko/refs/heads/0.8.0-ns-support: no such file or directory"}
{"level":"info","ts":1590033141.4308562,"logger":"fallback-logger","caller":"git/git.go:103","msg":"Successfully cloned https://github.com/cb-kubecd/environment-pr-228-2-boot-vault-gke-staging.git @ master in path /workspace/source"}

Showing logs for build [32mcb-kubecd-environment-pr-228-2-97rtq-1[0m stage [32mfrom-build-pack[0m and container [32mstep-git-merge[0m
Using SHAs from PULL_REFS=master:15564a1ddf2706220faea3b2a47308a0fe6bd4d9,4:26f2e86320d400e86ffc2321339e8e08322679de
DEBUG: LC_ALL=C JX_LOG_LEVEL=error git fetch origin --unshallow 26f2e86320d400e86ffc2321339e8e08322679de: 15564a1ddf2706220faea3b2a47308a0fe6bd4d9:
DEBUG: ran git fetch --unshallow origin 26f2e86320d400e86ffc2321339e8e08322679de: 15564a1ddf2706220faea3b2a47308a0fe6bd4d9: in 
DEBUG: JX_LOG_LEVEL=error LC_ALL=C git branch
DEBUG: LC_ALL=C JX_LOG_LEVEL=error git checkout master
DEBUG: ran git checkout master in 
DEBUG: LC_ALL=C JX_LOG_LEVEL=error git reset --hard 15564a1ddf2706220faea3b2a47308a0fe6bd4d9
DEBUG: ran git reset --hard 15564a1ddf2706220faea3b2a47308a0fe6bd4d9 in 
DEBUG: LC_ALL=C JX_LOG_LEVEL=error git clean -fd .
DEBUG: ran clean --force -d . in 
DEBUG: LC_ALL=C JX_LOG_LEVEL=error git merge 26f2e86320d400e86ffc2321339e8e08322679de
DEBUG: ran git merge 26f2e86320d400e86ffc2321339e8e08322679de in 
DEBUG: LC_ALL=C JX_LOG_LEVEL=error git log --format=%H%x1f%an%x1f%ae%x1f%cn%x1f%ce%x1f%s%n%b%x1e 15564a1ddf2706220faea3b2a47308a0fe6bd4d9..HEAD
Merged SHA 26f2e86320d400e86ffc2321339e8e08322679de with commit message 'chore: Promote bdd-gh-1590030410 to version 0.0.1' into base branch master

Showing logs for build [32mcb-kubecd-environment-pr-228-2-97rtq-1[0m stage [32mfrom-build-pack[0m and container [32mstep-build-helm-build[0m
WARNING: No $CHART_REPOSITORY defined so using the default value of: http://jenkins-x-chartmuseum:8080
Adding missing Helm repo: storage.googleapis.com https://storage.googleapis.com/chartmuseum.jenkins-x.io
WARNING: No secrets found on "helm/repos" due: reading the secret "helm/repos" from vault: no secret "helm/repos" not found in vault
Read credentials for https://storage.googleapis.com/chartmuseum.jenkins-x.io from vault helm/repos
Successfully added Helm repository storage.googleapis.com.
Adding missing Helm repo: jenkins-x-chartmuseum http://jenkins-x-chartmuseum:8080
WARNING: No secrets found on "helm/repos" due: reading the secret "helm/repos" from vault: no secret "helm/repos" not found in vault
Read credentials for http://jenkins-x-chartmuseum:8080 from vault helm/repos
Successfully added Helm repository jenkins-x-chartmuseum.
WARNING: No $CHART_REPOSITORY defined so using the default value of: http://jenkins-x-chartmuseum:8080
Adding missing Helm repo: chartmuseum.jenkins-x.io http://chartmuseum.jenkins-x.io
WARNING: No secrets found on "helm/repos" due: reading the secret "helm/repos" from vault: no secret "helm/repos" not found in vault
Read credentials for http://chartmuseum.jenkins-x.io from vault helm/repos
Successfully added Helm repository chartmuseum.jenkins-x.io.
